<?xml version="1.0" encoding="UTF-8"?>
<!-- Generated by org.testng.reporters.JUnitXMLReporter -->
<testsuite hostname="LAPTOP-1I2596E2" name="Default test" tests="5" failures="0" timestamp="18 Jun 2020 04:58:24 GMT" time="0.043" errors="0">
  <testcase name="@BeforeTest setUp" time="0.0" classname="june18.Using_crossbrowser">
    <failure type="org.testng.TestNGException" message="
Parameter &amp;apos;browser&amp;apos; is required by @Configuration on method setUp but has not been marked @Optional or defined
in C:\Users\prang\AppData\Local\Temp\testng-eclipse--1662148355\testng-customsuite.xml">
      <![CDATA[org.testng.TestNGException: 
Parameter 'browser' is required by @Configuration on method setUp but has not been marked @Optional or defined
in C:\Users\prang\AppData\Local\Temp\testng-eclipse--1662148355\testng-customsuite.xml
	at org.testng.internal.Parameters.createParameters(Parameters.java:154)
	at org.testng.internal.Parameters.createParameters(Parameters.java:361)
	at org.testng.internal.Parameters.createConfigurationParameters(Parameters.java:84)
	at org.testng.internal.Invoker.invokeConfigurations(Invoker.java:201)
	at org.testng.internal.Invoker.invokeConfigurations(Invoker.java:142)
	at org.testng.TestRunner.beforeRun(TestRunner.java:656)
	at org.testng.TestRunner.run(TestRunner.java:624)
	at org.testng.SuiteRunner.runTest(SuiteRunner.java:366)
	at org.testng.SuiteRunner.runSequentially(SuiteRunner.java:361)
	at org.testng.SuiteRunner.privateRun(SuiteRunner.java:319)
	at org.testng.SuiteRunner.run(SuiteRunner.java:268)
	at org.testng.SuiteRunnerWorker.runSuite(SuiteRunnerWorker.java:52)
	at org.testng.SuiteRunnerWorker.run(SuiteRunnerWorker.java:86)
	at org.testng.TestNG.runSuitesSequentially(TestNG.java:1244)
	at org.testng.TestNG.runSuitesLocally(TestNG.java:1169)
	at org.testng.TestNG.run(TestNG.java:1064)
	at org.testng.remote.RemoteTestNG.run(RemoteTestNG.java:113)
	at org.testng.remote.RemoteTestNG.initAndRun(RemoteTestNG.java:206)
	at org.testng.remote.RemoteTestNG.main(RemoteTestNG.java:177)
]]>
    </failure>
  </testcase> <!-- @BeforeTest setUp -->
  <testcase name="@AfterTest tearDown" time="0.0" classname="june18.Using_crossbrowser">
    <skipped/>
  </testcase> <!-- @AfterTest tearDown -->
  <testcase name="verifylogin" time="0.003" classname="june18.Using_crossbrowser">
    <skipped/>
  </testcase> <!-- verifylogin -->
  <testcase name="verifylogin" time="0.001" classname="june18.Using_crossbrowser">
    <skipped/>
  </testcase> <!-- verifylogin -->
  <testcase name="verifylogin" time="0.001" classname="june18.Using_crossbrowser">
    <skipped/>
  </testcase> <!-- verifylogin -->
  <testcase name="verifylogin" time="0.001" classname="june18.Using_crossbrowser">
    <skipped/>
  </testcase> <!-- verifylogin -->
  <testcase name="verifylogin" time="0.001" classname="june18.Using_crossbrowser">
    <skipped/>
  </testcase> <!-- verifylogin -->
</testsuite> <!-- Default test -->
